<?xml version="1.0" encoding="UTF-8"?>
<!-- Generated by org.testng.reporters.JUnitXMLReporter -->
<testsuite hostname="MT-91110305H" failures="1" tests="1" name="Test1" time="26.611" errors="0" timestamp="18 Jan 2022 10:05:41 GMT">
  <testcase classname="TestCases.CabBookingHomePage" name="MainHomePage" time="23.822">
    <failure type="org.openqa.selenium.ElementClickInterceptedException" message="element click intercepted: Element &amp;lt;a target=&amp;quot;_blank&amp;quot; href=&amp;quot;https://www.savaari.com/mobile-app&amp;quot; rel=&amp;quot;noopener&amp;quot;&amp;gt;...&amp;lt;/a&amp;gt; is not clickable at point (351, 538). Other element would receive the click: &amp;lt;w-div id=&amp;quot;g-p162ws&amp;quot; class=&amp;quot;gg50ean g-leb73s g-1g0u94 gzgd0o1 g7jhnqb&amp;quot;&amp;gt;...&amp;lt;/w-div&amp;gt;
  (Session info: chrome=97.0.4692.71)
Build info: version: &amp;apos;3.141.59&amp;apos;, revision: &amp;apos;e82be7d358&amp;apos;, time: &amp;apos;2018-11-14T08:17:03&amp;apos;
System info: host: &amp;apos;MT-91110305H&amp;apos;, ip: &amp;apos;192.168.1.7&amp;apos;, os.name: &amp;apos;Windows 10&amp;apos;, os.arch: &amp;apos;amd64&amp;apos;, os.version: &amp;apos;10.0&amp;apos;, java.version: &amp;apos;17.0.1&amp;apos;
Driver info: org.openqa.selenium.chrome.ChromeDriver
Capabilities {acceptInsecureCerts: false, browserName: chrome, browserVersion: 97.0.4692.71, chrome: {chromedriverVersion: 96.0.4664.45 (76e4c1bb2ab46..., userDataDir: C:\Users\M1076468\AppData\L...}, goog:chromeOptions: {debuggerAddress: localhost:55229}, javascriptEnabled: true, networkConnectionEnabled: false, pageLoadStrategy: normal, platform: WINDOWS, platformName: WINDOWS, proxy: Proxy(), setWindowRect: true, strictFileInteractability: false, timeouts: {implicit: 0, pageLoad: 300000, script: 30000}, unhandledPromptBehavior: dismiss and notify, webauthn:extension:credBlob: true, webauthn:extension:largeBlob: true, webauthn:virtualAuthenticators: true}
Session ID: c32c2484d8ea539d70ccc81e598359fa">
      <![CDATA[org.openqa.selenium.ElementClickInterceptedException: element click intercepted: Element <a target="_blank" href="https://www.savaari.com/mobile-app" rel="noopener">...</a> is not clickable at point (351, 538). Other element would receive the click: <w-div id="g-p162ws" class="gg50ean g-leb73s g-1g0u94 gzgd0o1 g7jhnqb">...</w-div>
  (Session info: chrome=97.0.4692.71)
Build info: version: '3.141.59', revision: 'e82be7d358', time: '2018-11-14T08:17:03'
System info: host: 'MT-91110305H', ip: '192.168.1.7', os.name: 'Windows 10', os.arch: 'amd64', os.version: '10.0', java.version: '17.0.1'
Driver info: org.openqa.selenium.chrome.ChromeDriver
Capabilities {acceptInsecureCerts: false, browserName: chrome, browserVersion: 97.0.4692.71, chrome: {chromedriverVersion: 96.0.4664.45 (76e4c1bb2ab46..., userDataDir: C:\Users\M1076468\AppData\L...}, goog:chromeOptions: {debuggerAddress: localhost:55229}, javascriptEnabled: true, networkConnectionEnabled: false, pageLoadStrategy: normal, platform: WINDOWS, platformName: WINDOWS, proxy: Proxy(), setWindowRect: true, strictFileInteractability: false, timeouts: {implicit: 0, pageLoad: 300000, script: 30000}, unhandledPromptBehavior: dismiss and notify, webauthn:extension:credBlob: true, webauthn:extension:largeBlob: true, webauthn:virtualAuthenticators: true}
Session ID: c32c2484d8ea539d70ccc81e598359fa
	at org.openqa.selenium.remote.http.W3CHttpResponseCodec.createException(W3CHttpResponseCodec.java:187)
	at org.openqa.selenium.remote.http.W3CHttpResponseCodec.decode(W3CHttpResponseCodec.java:122)
	at org.openqa.selenium.remote.http.W3CHttpResponseCodec.decode(W3CHttpResponseCodec.java:49)
	at org.openqa.selenium.remote.HttpCommandExecutor.execute(HttpCommandExecutor.java:158)
	at org.openqa.selenium.remote.service.DriverCommandExecutor.execute(DriverCommandExecutor.java:83)
	at org.openqa.selenium.remote.RemoteWebDriver.execute(RemoteWebDriver.java:552)
	at org.openqa.selenium.remote.RemoteWebElement.execute(RemoteWebElement.java:285)
	at org.openqa.selenium.remote.RemoteWebElement.click(RemoteWebElement.java:84)
	at TestCases.CabBookingHomePage.MainHomePage(CabBookingHomePage.java:37)
... Removed 29 stack frames]]>
    </failure>
  </testcase> <!-- MainHomePage -->
</testsuite> <!-- Test1 -->
